<?xml version="1.0" encoding="UTF-8"?>
<coverage generated="1777353232850" clover="3.2.0">
  <project timestamp="1777353232850" name="All files">
    <metrics statements="53" coveredstatements="42" conditionals="24" coveredconditionals="14" methods="11" coveredmethods="8" elements="88" coveredelements="64" complexity="0" loc="53" ncloc="53" packages="2" files="2" classes="2"/>
    <package name="components">
      <metrics statements="17" coveredstatements="8" conditionals="12" coveredconditionals="5" methods="7" coveredmethods="4"/>
      <file name="Calculator.tsx" path="/workspace/197d57c3-081b-46fb-bde5-3e18bdf1aa66/frontend/src/components/Calculator.tsx">
        <metrics statements="17" coveredstatements="8" conditionals="12" coveredconditionals="5" methods="7" coveredmethods="4"/>
        <line num="10" count="7" type="stmt"/>
        <line num="11" count="0" type="cond" truecount="0" falsecount="2"/>
        <line num="12" count="0" type="stmt"/>
        <line num="14" count="0" type="stmt"/>
        <line num="18" count="7" type="stmt"/>
        <line num="19" count="0" type="stmt"/>
        <line num="22" count="7" type="stmt"/>
        <line num="29" count="7" type="stmt"/>
        <line num="35" count="1" type="stmt"/>
        <line num="37" count="1" type="cond" truecount="1" falsecount="1"/>
        <line num="38" count="1" type="stmt"/>
        <line num="48" count="105" type="stmt"/>
        <line num="51" count="0" type="cond" truecount="0" falsecount="2"/>
        <line num="52" count="0" type="stmt"/>
        <line num="53" count="0" type="cond" truecount="0" falsecount="2"/>
        <line num="54" count="0" type="stmt"/>
        <line num="56" count="0" type="stmt"/>
      </file>
    </package>
    <package name="hooks">
      <metrics statements="36" coveredstatements="34" conditionals="12" coveredconditionals="9" methods="4" coveredmethods="4"/>
      <file name="useCalculator.ts" path="/workspace/197d57c3-081b-46fb-bde5-3e18bdf1aa66/frontend/src/hooks/useCalculator.ts">
        <metrics statements="36" coveredstatements="34" conditionals="12" coveredconditionals="9" methods="4" coveredmethods="4"/>
        <line num="4" count="1" type="cond" truecount="2" falsecount="0"/>
        <line num="7" count="16" type="stmt"/>
        <line num="8" count="16" type="stmt"/>
        <line num="9" count="16" type="stmt"/>
        <line num="10" count="16" type="stmt"/>
        <line num="11" count="16" type="stmt"/>
        <line num="13" count="16" type="stmt"/>
        <line num="14" count="3" type="cond" truecount="2" falsecount="0"/>
        <line num="15" count="1" type="stmt"/>
        <line num="16" count="1" type="stmt"/>
        <line num="19" count="2" type="stmt"/>
        <line num="20" count="2" type="stmt"/>
        <line num="22" count="2" type="stmt"/>
        <line num="23" count="2" type="stmt"/>
        <line num="29" count="2" type="cond" truecount="2" falsecount="0"/>
        <line num="30" count="1" type="stmt"/>
        <line num="31" count="1" type="cond" truecount="1" falsecount="1"/>
        <line num="34" count="1" type="stmt"/>
        <line num="35" count="1" type="stmt"/>
        <line num="36" count="1" type="stmt"/>
        <line num="37" count="1" type="stmt"/>
        <line num="39" count="1" type="cond" truecount="1" falsecount="1"/>
        <line num="41" count="2" type="stmt"/>
        <line num="45" count="16" type="stmt"/>
        <line num="46" count="2" type="stmt"/>
        <line num="47" count="2" type="stmt"/>
        <line num="48" count="2" type="cond" truecount="1" falsecount="1"/>
        <line num="49" count="0" type="stmt"/>
        <line num="51" count="2" type="stmt"/>
        <line num="52" count="2" type="stmt"/>
        <line num="54" count="0" type="stmt"/>
        <line num="58" count="16" type="stmt"/>
        <line num="59" count="1" type="stmt"/>
        <line num="60" count="1" type="stmt"/>
        <line num="61" count="1" type="stmt"/>
        <line num="64" count="16" type="stmt"/>
      </file>
    </package>
  </project>
</coverage>
