{"/workspace/197d57c3-081b-46fb-bde5-3e18bdf1aa66/frontend/src/components/Calculator.tsx": {"path":"/workspace/197d57c3-081b-46fb-bde5-3e18bdf1aa66/frontend/src/components/Calculator.tsx","statementMap":{"0":{"start":{"line":10,"column":8},"end":{"line":14,"column":null}},"1":{"start":{"line":11,"column":4},"end":{"line":14,"column":null}},"2":{"start":{"line":12,"column":6},"end":{"line":12,"column":null}},"3":{"start":{"line":14,"column":6},"end":{"line":14,"column":null}},"4":{"start":{"line":18,"column":8},"end":{"line":19,"column":null}},"5":{"start":{"line":19,"column":4},"end":{"line":19,"column":null}},"6":{"start":{"line":22,"column":18},"end":{"line":27,"column":null}},"7":{"start":{"line":29,"column":2},"end":{"line":65,"column":null}},"8":{"start":{"line":35,"column":27},"end":{"line":35,"column":51}},"9":{"start":{"line":37,"column":12},"end":{"line":38,"column":null}},"10":{"start":{"line":38,"column":14},"end":{"line":38,"column":null}},"11":{"start":{"line":48,"column":10},"end":{"line":63,"column":null}},"12":{"start":{"line":51,"column":14},"end":{"line":56,"column":null}},"13":{"start":{"line":52,"column":16},"end":{"line":52,"column":null}},"14":{"start":{"line":53,"column":25},"end":{"line":56,"column":null}},"15":{"start":{"line":54,"column":16},"end":{"line":54,"column":null}},"16":{"start":{"line":56,"column":16},"end":{"line":56,"column":null}}},"fnMap":{"0":{"name":"Calculator","decl":{"start":{"line":9,"column":9},"end":{"line":9,"column":20}},"loc":{"start":{"line":9,"column":85},"end":{"line":65,"column":null}},"line":9},"1":{"name":"(anonymous_1)","decl":{"start":{"line":10,"column":8},"end":{"line":10,"column":29}},"loc":{"start":{"line":10,"column":47},"end":{"line":14,"column":null}},"line":10},"2":{"name":"(anonymous_2)","decl":{"start":{"line":18,"column":8},"end":{"line":18,"column":28}},"loc":{"start":{"line":18,"column":28},"end":{"line":19,"column":null}},"line":18},"3":{"name":"(anonymous_3)","decl":{"start":{"line":35,"column":10},"end":{"line":35,"column":21}},"loc":{"start":{"line":35,"column":27},"end":{"line":35,"column":51}},"line":35},"4":{"name":"(anonymous_4)","decl":{"start":{"line":36,"column":10},"end":{"line":36,"column":22}},"loc":{"start":{"line":36,"column":28},"end":{"line":38,"column":null}},"line":36},"5":{"name":"(anonymous_5)","decl":{"start":{"line":47,"column":17},"end":{"line":47,"column":22}},"loc":{"start":{"line":48,"column":10},"end":{"line":63,"column":null}},"line":48},"6":{"name":"(anonymous_6)","decl":{"start":{"line":50,"column":12},"end":{"line":50,"column":27}},"loc":{"start":{"line":50,"column":27},"end":{"line":56,"column":null}},"line":50}},"branchMap":{"0":{"loc":{"start":{"line":11,"column":4},"end":{"line":14,"column":null}},"type":"if","locations":[{"start":{"line":11,"column":4},"end":{"line":14,"column":null}},{"start":{"line":13,"column":11},"end":{"line":14,"column":null}}],"line":11},"1":{"loc":{"start":{"line":37,"column":12},"end":{"line":38,"column":null}},"type":"if","locations":[{"start":{"line":37,"column":12},"end":{"line":38,"column":null}},{"start":{},"end":{}}],"line":37},"2":{"loc":{"start":{"line":45,"column":7},"end":{"line":45,"column":null}},"type":"binary-expr","locations":[{"start":{"line":45,"column":7},"end":{"line":45,"column":16}},{"start":{"line":45,"column":16},"end":{"line":45,"column":null}}],"line":45},"3":{"loc":{"start":{"line":51,"column":14},"end":{"line":56,"column":null}},"type":"if","locations":[{"start":{"line":51,"column":14},"end":{"line":56,"column":null}},{"start":{"line":53,"column":25},"end":{"line":56,"column":null}}],"line":51},"4":{"loc":{"start":{"line":53,"column":25},"end":{"line":56,"column":null}},"type":"if","locations":[{"start":{"line":53,"column":25},"end":{"line":56,"column":null}},{"start":{"line":55,"column":21},"end":{"line":56,"column":null}}],"line":53},"5":{"loc":{"start":{"line":60,"column":41},"end":{"line":60,"column":null}},"type":"cond-expr","locations":[{"start":{"line":60,"column":55},"end":{"line":60,"column":66}},{"start":{"line":60,"column":66},"end":{"line":60,"column":null}}],"line":60}},"s":{"0":7,"1":0,"2":0,"3":0,"4":7,"5":0,"6":7,"7":7,"8":1,"9":1,"10":1,"11":105,"12":0,"13":0,"14":0,"15":0,"16":0},"f":{"0":7,"1":0,"2":0,"3":1,"4":1,"5":105,"6":0},"b":{"0":[0,0],"1":[1,0],"2":[7,1],"3":[0,0],"4":[0,0],"5":[7,98]},"meta":{"lastBranch":6,"lastFunction":7,"lastStatement":17,"seen":{"f:9:9:9:20":0,"s:10:8:14:Infinity":0,"f:10:8:10:29":1,"b:11:4:14:Infinity:13:11:14:Infinity":0,"s:11:4:14:Infinity":1,"s:12:6:12:Infinity":2,"s:14:6:14:Infinity":3,"s:18:8:19:Infinity":4,"f:18:8:18:28":2,"s:19:4:19:Infinity":5,"s:22:18:27:Infinity":6,"s:29:2:65:Infinity":7,"f:35:10:35:21":3,"s:35:27:35:51":8,"f:36:10:36:22":4,"b:37:12:38:Infinity:undefined:undefined:undefined:undefined":1,"s:37:12:38:Infinity":9,"s:38:14:38:Infinity":10,"b:45:7:45:16:45:16:45:Infinity":2,"f:47:17:47:22":5,"s:48:10:63:Infinity":11,"f:50:12:50:27":6,"b:51:14:56:Infinity:53:25:56:Infinity":3,"s:51:14:56:Infinity":12,"s:52:16:52:Infinity":13,"b:53:25:56:Infinity:55:21:56:Infinity":4,"s:53:25:56:Infinity":14,"s:54:16:54:Infinity":15,"s:56:16:56:Infinity":16,"b:60:55:60:66:60:66:60:Infinity":5}}}
,"/workspace/197d57c3-081b-46fb-bde5-3e18bdf1aa66/frontend/src/hooks/useCalculator.ts": {"path":"/workspace/197d57c3-081b-46fb-bde5-3e18bdf1aa66/frontend/src/hooks/useCalculator.ts","statementMap":{"0":{"start":{"line":4,"column":16},"end":{"line":4,"column":null}},"1":{"start":{"line":7,"column":16},"end":{"line":7,"column":48}},"2":{"start":{"line":8,"column":17},"end":{"line":8,"column":59}},"3":{"start":{"line":9,"column":18},"end":{"line":9,"column":56}},"4":{"start":{"line":10,"column":16},"end":{"line":10,"column":57}},"5":{"start":{"line":11,"column":18},"end":{"line":11,"column":59}},"6":{"start":{"line":13,"column":8},"end":{"line":43,"column":13}},"7":{"start":{"line":14,"column":4},"end":{"line":16,"column":null}},"8":{"start":{"line":15,"column":6},"end":{"line":15,"column":null}},"9":{"start":{"line":16,"column":6},"end":{"line":16,"column":null}},"10":{"start":{"line":19,"column":4},"end":{"line":19,"column":null}},"11":{"start":{"line":20,"column":4},"end":{"line":20,"column":null}},"12":{"start":{"line":22,"column":4},"end":{"line":41,"column":null}},"13":{"start":{"line":23,"column":23},"end":{"line":27,"column":8}},"14":{"start":{"line":29,"column":6},"end":{"line":31,"column":null}},"15":{"start":{"line":30,"column":21},"end":{"line":30,"column":42}},"16":{"start":{"line":31,"column":8},"end":{"line":31,"column":null}},"17":{"start":{"line":34,"column":32},"end":{"line":34,"column":53}},"18":{"start":{"line":35,"column":6},"end":{"line":35,"column":null}},"19":{"start":{"line":36,"column":6},"end":{"line":36,"column":null}},"20":{"start":{"line":37,"column":6},"end":{"line":37,"column":null}},"21":{"start":{"line":39,"column":6},"end":{"line":39,"column":null}},"22":{"start":{"line":41,"column":6},"end":{"line":41,"column":null}},"23":{"start":{"line":45,"column":8},"end":{"line":56,"column":8}},"24":{"start":{"line":46,"column":4},"end":{"line":54,"column":null}},"25":{"start":{"line":47,"column":23},"end":{"line":47,"column":56}},"26":{"start":{"line":48,"column":6},"end":{"line":49,"column":null}},"27":{"start":{"line":49,"column":8},"end":{"line":49,"column":null}},"28":{"start":{"line":51,"column":34},"end":{"line":51,"column":55}},"29":{"start":{"line":52,"column":6},"end":{"line":52,"column":null}},"30":{"start":{"line":54,"column":6},"end":{"line":54,"column":null}},"31":{"start":{"line":58,"column":8},"end":{"line":62,"column":8}},"32":{"start":{"line":59,"column":4},"end":{"line":59,"column":null}},"33":{"start":{"line":60,"column":4},"end":{"line":60,"column":null}},"34":{"start":{"line":61,"column":4},"end":{"line":61,"column":null}},"35":{"start":{"line":64,"column":2},"end":{"line":74,"column":null}}},"fnMap":{"0":{"name":"useCalculator","decl":{"start":{"line":6,"column":16},"end":{"line":6,"column":32}},"loc":{"start":{"line":6,"column":32},"end":{"line":74,"column":null}},"line":6},"1":{"name":"(anonymous_1)","decl":{"start":{"line":13,"column":32},"end":{"line":13,"column":44}},"loc":{"start":{"line":13,"column":44},"end":{"line":43,"column":6}},"line":13},"2":{"name":"(anonymous_2)","decl":{"start":{"line":45,"column":35},"end":{"line":45,"column":47}},"loc":{"start":{"line":45,"column":47},"end":{"line":56,"column":7}},"line":45},"3":{"name":"(anonymous_3)","decl":{"start":{"line":58,"column":16},"end":{"line":58,"column":34}},"loc":{"start":{"line":58,"column":34},"end":{"line":62,"column":7}},"line":58}},"branchMap":{"0":{"loc":{"start":{"line":4,"column":16},"end":{"line":4,"column":null}},"type":"binary-expr","locations":[{"start":{"line":4,"column":16},"end":{"line":4,"column":48}},{"start":{"line":4,"column":48},"end":{"line":4,"column":null}}],"line":4},"1":{"loc":{"start":{"line":14,"column":4},"end":{"line":16,"column":null}},"type":"if","locations":[{"start":{"line":14,"column":4},"end":{"line":16,"column":null}},{"start":{},"end":{}}],"line":14},"2":{"loc":{"start":{"line":29,"column":6},"end":{"line":31,"column":null}},"type":"if","locations":[{"start":{"line":29,"column":6},"end":{"line":31,"column":null}},{"start":{},"end":{}}],"line":29},"3":{"loc":{"start":{"line":31,"column":24},"end":{"line":31,"column":59}},"type":"binary-expr","locations":[{"start":{"line":31,"column":24},"end":{"line":31,"column":38}},{"start":{"line":31,"column":38},"end":{"line":31,"column":59}}],"line":31},"4":{"loc":{"start":{"line":39,"column":15},"end":{"line":39,"column":72}},"type":"cond-expr","locations":[{"start":{"line":39,"column":38},"end":{"line":39,"column":52}},{"start":{"line":39,"column":52},"end":{"line":39,"column":72}}],"line":39},"5":{"loc":{"start":{"line":48,"column":6},"end":{"line":49,"column":null}},"type":"if","locations":[{"start":{"line":48,"column":6},"end":{"line":49,"column":null}},{"start":{},"end":{}}],"line":48}},"s":{"0":1,"1":16,"2":16,"3":16,"4":16,"5":16,"6":16,"7":3,"8":1,"9":1,"10":2,"11":2,"12":2,"13":2,"14":2,"15":1,"16":1,"17":1,"18":1,"19":1,"20":1,"21":1,"22":2,"23":16,"24":2,"25":2,"26":2,"27":0,"28":2,"29":2,"30":0,"31":16,"32":1,"33":1,"34":1,"35":16},"f":{"0":16,"1":3,"2":2,"3":1},"b":{"0":[1,1],"1":[1,2],"2":[1,1],"3":[1,0],"4":[1,0],"5":[0,2]},"meta":{"lastBranch":6,"lastFunction":4,"lastStatement":36,"seen":{"s:4:16:4:Infinity":0,"b:4:16:4:48:4:48:4:Infinity":0,"f:6:16:6:32":0,"s:7:16:7:48":1,"s:8:17:8:59":2,"s:9:18:9:56":3,"s:10:16:10:57":4,"s:11:18:11:59":5,"s:13:8:43:13":6,"f:13:32:13:44":1,"b:14:4:16:Infinity:undefined:undefined:undefined:undefined":1,"s:14:4:16:Infinity":7,"s:15:6:15:Infinity":8,"s:16:6:16:Infinity":9,"s:19:4:19:Infinity":10,"s:20:4:20:Infinity":11,"s:22:4:41:Infinity":12,"s:23:23:27:8":13,"b:29:6:31:Infinity:undefined:undefined:undefined:undefined":2,"s:29:6:31:Infinity":14,"s:30:21:30:42":15,"s:31:8:31:Infinity":16,"b:31:24:31:38:31:38:31:59":3,"s:34:32:34:53":17,"s:35:6:35:Infinity":18,"s:36:6:36:Infinity":19,"s:37:6:37:Infinity":20,"s:39:6:39:Infinity":21,"b:39:38:39:52:39:52:39:72":4,"s:41:6:41:Infinity":22,"s:45:8:56:8":23,"f:45:35:45:47":2,"s:46:4:54:Infinity":24,"s:47:23:47:56":25,"b:48:6:49:Infinity:undefined:undefined:undefined:undefined":5,"s:48:6:49:Infinity":26,"s:49:8:49:Infinity":27,"s:51:34:51:55":28,"s:52:6:52:Infinity":29,"s:54:6:54:Infinity":30,"s:58:8:62:8":31,"f:58:16:58:34":3,"s:59:4:59:Infinity":32,"s:60:4:60:Infinity":33,"s:61:4:61:Infinity":34,"s:64:2:74:Infinity":35}}}
}
