<?xml version="1.0" encoding="UTF-8"?>
<coverage generated="1777353243303" clover="3.2.0">
  <project timestamp="1777353243303" name="All files">
    <metrics statements="78" coveredstatements="75" conditionals="37" coveredconditionals="32" methods="6" coveredmethods="5" elements="121" coveredelements="112" complexity="0" loc="78" ncloc="78" packages="4" files="6" classes="6"/>
    <package name="src">
      <metrics statements="13" coveredstatements="11" conditionals="0" coveredconditionals="0" methods="2" coveredmethods="1"/>
      <file name="app.ts" path="/workspace/197d57c3-081b-46fb-bde5-3e18bdf1aa66/backend/src/app.ts">
        <metrics statements="13" coveredstatements="11" conditionals="0" coveredconditionals="0" methods="2" coveredmethods="1"/>
        <line num="1" count="1" type="stmt"/>
        <line num="2" count="1" type="stmt"/>
        <line num="3" count="1" type="stmt"/>
        <line num="5" count="1" type="stmt"/>
        <line num="7" count="1" type="stmt"/>
        <line num="9" count="1" type="stmt"/>
        <line num="10" count="1" type="stmt"/>
        <line num="13" count="1" type="stmt"/>
        <line num="14" count="1" type="stmt"/>
        <line num="16" count="1" type="stmt"/>
        <line num="17" count="0" type="stmt"/>
        <line num="18" count="0" type="stmt"/>
        <line num="21" count="1" type="stmt"/>
      </file>
    </package>
    <package name="src.controllers">
      <metrics statements="23" coveredstatements="23" conditionals="8" coveredconditionals="6" methods="3" coveredmethods="3"/>
      <file name="calculateController.ts" path="/workspace/197d57c3-081b-46fb-bde5-3e18bdf1aa66/backend/src/controllers/calculateController.ts">
        <metrics statements="15" coveredstatements="15" conditionals="6" coveredconditionals="5" methods="1" coveredmethods="1"/>
        <line num="3" count="1" type="stmt"/>
        <line num="4" count="1" type="stmt"/>
        <line num="6" count="1" type="stmt"/>
        <line num="7" count="4" type="stmt"/>
        <line num="8" count="4" type="stmt"/>
        <line num="10" count="4" type="cond" truecount="4" falsecount="0"/>
        <line num="11" count="2" type="stmt"/>
        <line num="12" count="2" type="stmt"/>
        <line num="15" count="2" type="stmt"/>
        <line num="17" count="1" type="stmt"/>
        <line num="22" count="1" type="stmt"/>
        <line num="23" count="1" type="stmt"/>
        <line num="25" count="1" type="stmt"/>
        <line num="27" count="1" type="cond" truecount="1" falsecount="1"/>
        <line num="28" count="1" type="stmt"/>
      </file>
      <file name="historyController.ts" path="/workspace/197d57c3-081b-46fb-bde5-3e18bdf1aa66/backend/src/controllers/historyController.ts">
        <metrics statements="8" coveredstatements="8" conditionals="2" coveredconditionals="1" methods="2" coveredmethods="2"/>
        <line num="3" count="1" type="stmt"/>
        <line num="5" count="1" type="stmt"/>
        <line num="6" count="3" type="stmt"/>
        <line num="7" count="3" type="stmt"/>
        <line num="11" count="2" type="stmt"/>
        <line num="16" count="2" type="stmt"/>
        <line num="18" count="1" type="cond" truecount="1" falsecount="1"/>
        <line num="19" count="1" type="stmt"/>
      </file>
    </package>
    <package name="src.routes">
      <metrics statements="10" coveredstatements="10" conditionals="0" coveredconditionals="0" methods="0" coveredmethods="0"/>
      <file name="calculate.ts" path="/workspace/197d57c3-081b-46fb-bde5-3e18bdf1aa66/backend/src/routes/calculate.ts">
        <metrics statements="5" coveredstatements="5" conditionals="0" coveredconditionals="0" methods="0" coveredmethods="0"/>
        <line num="1" count="1" type="stmt"/>
        <line num="2" count="1" type="stmt"/>
        <line num="4" count="1" type="stmt"/>
        <line num="6" count="1" type="stmt"/>
        <line num="8" count="1" type="stmt"/>
      </file>
      <file name="history.ts" path="/workspace/197d57c3-081b-46fb-bde5-3e18bdf1aa66/backend/src/routes/history.ts">
        <metrics statements="5" coveredstatements="5" conditionals="0" coveredconditionals="0" methods="0" coveredmethods="0"/>
        <line num="1" count="1" type="stmt"/>
        <line num="2" count="1" type="stmt"/>
        <line num="4" count="1" type="stmt"/>
        <line num="6" count="1" type="stmt"/>
        <line num="8" count="1" type="stmt"/>
      </file>
    </package>
    <package name="src.utils">
      <metrics statements="32" coveredstatements="31" conditionals="29" coveredconditionals="26" methods="1" coveredmethods="1"/>
      <file name="evaluate.ts" path="/workspace/197d57c3-081b-46fb-bde5-3e18bdf1aa66/backend/src/utils/evaluate.ts">
        <metrics statements="32" coveredstatements="31" conditionals="29" coveredconditionals="26" methods="1" coveredmethods="1"/>
        <line num="1" count="2" type="stmt"/>
        <line num="2" count="13" type="stmt"/>
        <line num="4" count="13" type="cond" truecount="2" falsecount="0"/>
        <line num="5" count="5" type="stmt"/>
        <line num="8" count="8" type="stmt"/>
        <line num="9" count="8" type="stmt"/>
        <line num="11" count="8" type="stmt"/>
        <line num="12" count="31" type="stmt"/>
        <line num="13" count="31" type="cond" truecount="5" falsecount="0"/>
        <line num="14" count="3" type="cond" truecount="4" falsecount="2"/>
        <line num="15" count="1" type="stmt"/>
        <line num="16" count="1" type="stmt"/>
        <line num="19" count="30" type="cond" truecount="4" falsecount="0"/>
        <line num="20" count="10" type="cond" truecount="2" falsecount="0"/>
        <line num="21" count="8" type="stmt"/>
        <line num="22" count="8" type="stmt"/>
        <line num="24" count="10" type="stmt"/>
        <line num="26" count="20" type="stmt"/>
        <line num="29" count="8" type="cond" truecount="2" falsecount="0"/>
        <line num="30" count="7" type="stmt"/>
        <line num="33" count="8" type="stmt"/>
        <line num="34" count="8" type="stmt"/>
        <line num="36" count="8" type="stmt"/>
        <line num="37" count="25" type="cond" truecount="4" falsecount="0"/>
        <line num="38" count="10" type="stmt"/>
        <line num="40" count="15" type="stmt"/>
        <line num="41" count="15" type="cond" truecount="1" falsecount="1"/>
        <line num="42" count="0" type="stmt"/>
        <line num="44" count="15" type="cond" truecount="2" falsecount="0"/>
        <line num="45" count="13" type="stmt"/>
        <line num="47" count="2" type="stmt"/>
        <line num="52" count="8" type="stmt"/>
      </file>
    </package>
  </project>
</coverage>
