{"/workspace/197d57c3-081b-46fb-bde5-3e18bdf1aa66/backend/src/app.ts": {"path":"/workspace/197d57c3-081b-46fb-bde5-3e18bdf1aa66/backend/src/app.ts","statementMap":{"0":{"start":{"line":1,"column":0},"end":{"line":1,"column":67}},"1":{"start":{"line":2,"column":0},"end":{"line":2,"column":49}},"2":{"start":{"line":3,"column":0},"end":{"line":3,"column":45}},"3":{"start":{"line":5,"column":12},"end":{"line":5,"column":21}},"4":{"start":{"line":7,"column":0},"end":{"line":7,"column":24}},"5":{"start":{"line":9,"column":0},"end":{"line":11,"column":3}},"6":{"start":{"line":10,"column":2},"end":{"line":10,"column":67}},"7":{"start":{"line":13,"column":0},"end":{"line":13,"column":43}},"8":{"start":{"line":14,"column":0},"end":{"line":14,"column":39}},"9":{"start":{"line":16,"column":0},"end":{"line":19,"column":3}},"10":{"start":{"line":17,"column":2},"end":{"line":17,"column":49}},"11":{"start":{"line":18,"column":2},"end":{"line":18,"column":59}},"12":{"start":{"line":21,"column":0},"end":{"line":21,"column":19}}},"fnMap":{"0":{"name":"(anonymous_1)","decl":{"start":{"line":9,"column":19},"end":{"line":9,"column":20}},"loc":{"start":{"line":9,"column":52},"end":{"line":11,"column":1}}},"1":{"name":"(anonymous_2)","decl":{"start":{"line":16,"column":8},"end":{"line":16,"column":9}},"loc":{"start":{"line":16,"column":74},"end":{"line":19,"column":1}}}},"branchMap":{},"s":{"0":1,"1":1,"2":1,"3":1,"4":1,"5":1,"6":1,"7":1,"8":1,"9":1,"10":0,"11":0,"12":1},"f":{"0":1,"1":0},"b":{}}
,"/workspace/197d57c3-081b-46fb-bde5-3e18bdf1aa66/backend/src/controllers/calculateController.ts": {"path":"/workspace/197d57c3-081b-46fb-bde5-3e18bdf1aa66/backend/src/controllers/calculateController.ts","statementMap":{"0":{"start":{"line":6,"column":0},"end":{"line":6,"column":7}},"1":{"start":{"line":3,"column":0},"end":{"line":3,"column":25}},"2":{"start":{"line":4,"column":0},"end":{"line":4,"column":55}},"3":{"start":{"line":7,"column":2},"end":{"line":29,"column":3}},"4":{"start":{"line":8,"column":36},"end":{"line":8,"column":44}},"5":{"start":{"line":10,"column":4},"end":{"line":13,"column":5}},"6":{"start":{"line":11,"column":6},"end":{"line":11,"column":64}},"7":{"start":{"line":12,"column":6},"end":{"line":12,"column":13}},"8":{"start":{"line":15,"column":19},"end":{"line":15,"column":54}},"9":{"start":{"line":17,"column":25},"end":{"line":19,"column":null}},"10":{"start":{"line":22,"column":24},"end":{"line":22,"column":44}},"11":{"start":{"line":23,"column":4},"end":{"line":23,"column":76}},"12":{"start":{"line":25,"column":4},"end":{"line":25,"column":38}},"13":{"start":{"line":27,"column":20},"end":{"line":27,"column":84}},"14":{"start":{"line":28,"column":4},"end":{"line":28,"column":45}}},"fnMap":{"0":{"name":"calculateHandler","decl":{"start":{"line":6,"column":22},"end":{"line":6,"column":38}},"loc":{"start":{"line":6,"column":66},"end":{"line":30,"column":1}}}},"branchMap":{"0":{"loc":{"start":{"line":10,"column":4},"end":{"line":13,"column":5}},"type":"if","locations":[{"start":{"line":10,"column":4},"end":{"line":13,"column":5}},{"start":{},"end":{}}]},"1":{"loc":{"start":{"line":10,"column":8},"end":{"line":10,"column":63}},"type":"binary-expr","locations":[{"start":{"line":10,"column":8},"end":{"line":10,"column":24}},{"start":{"line":10,"column":28},"end":{"line":10,"column":63}}]},"2":{"loc":{"start":{"line":27,"column":20},"end":{"line":27,"column":84}},"type":"cond-expr","locations":[{"start":{"line":27,"column":45},"end":{"line":27,"column":58}},{"start":{"line":27,"column":61},"end":{"line":27,"column":84}}]}},"s":{"0":1,"1":1,"2":1,"3":4,"4":4,"5":4,"6":2,"7":2,"8":2,"9":1,"10":1,"11":1,"12":1,"13":1,"14":1},"f":{"0":4},"b":{"0":[2,2],"1":[4,3],"2":[1,0]}}
,"/workspace/197d57c3-081b-46fb-bde5-3e18bdf1aa66/backend/src/controllers/historyController.ts": {"path":"/workspace/197d57c3-081b-46fb-bde5-3e18bdf1aa66/backend/src/controllers/historyController.ts","statementMap":{"0":{"start":{"line":5,"column":0},"end":{"line":5,"column":7}},"1":{"start":{"line":3,"column":0},"end":{"line":3,"column":25}},"2":{"start":{"line":6,"column":2},"end":{"line":20,"column":3}},"3":{"start":{"line":7,"column":19},"end":{"line":8,"column":null}},"4":{"start":{"line":11,"column":40},"end":{"line":14,"column":7}},"5":{"start":{"line":11,"column":64},"end":{"line":14,"column":6}},"6":{"start":{"line":16,"column":4},"end":{"line":16,"column":39}},"7":{"start":{"line":18,"column":20},"end":{"line":18,"column":84}},"8":{"start":{"line":19,"column":4},"end":{"line":19,"column":45}}},"fnMap":{"0":{"name":"historyHandler","decl":{"start":{"line":5,"column":22},"end":{"line":5,"column":36}},"loc":{"start":{"line":5,"column":65},"end":{"line":21,"column":1}}},"1":{"name":"(anonymous_2)","decl":{"start":{"line":11,"column":56},"end":{"line":11,"column":59}},"loc":{"start":{"line":11,"column":64},"end":{"line":14,"column":6}}}},"branchMap":{"0":{"loc":{"start":{"line":18,"column":20},"end":{"line":18,"column":84}},"type":"cond-expr","locations":[{"start":{"line":18,"column":45},"end":{"line":18,"column":58}},{"start":{"line":18,"column":61},"end":{"line":18,"column":84}}]}},"s":{"0":1,"1":1,"2":3,"3":3,"4":2,"5":2,"6":2,"7":1,"8":1},"f":{"0":3,"1":2},"b":{"0":[1,0]}}
,"/workspace/197d57c3-081b-46fb-bde5-3e18bdf1aa66/backend/src/routes/calculate.ts": {"path":"/workspace/197d57c3-081b-46fb-bde5-3e18bdf1aa66/backend/src/routes/calculate.ts","statementMap":{"0":{"start":{"line":1,"column":0},"end":{"line":1,"column":33}},"1":{"start":{"line":2,"column":0},"end":{"line":2,"column":70}},"2":{"start":{"line":4,"column":15},"end":{"line":4,"column":23}},"3":{"start":{"line":6,"column":0},"end":{"line":6,"column":35}},"4":{"start":{"line":8,"column":0},"end":{"line":8,"column":22}}},"fnMap":{},"branchMap":{},"s":{"0":1,"1":1,"2":1,"3":1,"4":1},"f":{},"b":{}}
,"/workspace/197d57c3-081b-46fb-bde5-3e18bdf1aa66/backend/src/routes/history.ts": {"path":"/workspace/197d57c3-081b-46fb-bde5-3e18bdf1aa66/backend/src/routes/history.ts","statementMap":{"0":{"start":{"line":1,"column":0},"end":{"line":1,"column":33}},"1":{"start":{"line":2,"column":0},"end":{"line":2,"column":66}},"2":{"start":{"line":4,"column":15},"end":{"line":4,"column":23}},"3":{"start":{"line":6,"column":0},"end":{"line":6,"column":32}},"4":{"start":{"line":8,"column":0},"end":{"line":8,"column":22}}},"fnMap":{},"branchMap":{},"s":{"0":1,"1":1,"2":1,"3":1,"4":1},"f":{},"b":{}}
,"/workspace/197d57c3-081b-46fb-bde5-3e18bdf1aa66/backend/src/utils/evaluate.ts": {"path":"/workspace/197d57c3-081b-46fb-bde5-3e18bdf1aa66/backend/src/utils/evaluate.ts","statementMap":{"0":{"start":{"line":1,"column":0},"end":{"line":1,"column":16}},"1":{"start":{"line":2,"column":18},"end":{"line":2,"column":47}},"2":{"start":{"line":4,"column":2},"end":{"line":6,"column":3}},"3":{"start":{"line":5,"column":4},"end":{"line":5,"column":42}},"4":{"start":{"line":8,"column":27},"end":{"line":8,"column":29}},"5":{"start":{"line":9,"column":16},"end":{"line":9,"column":18}},"6":{"start":{"line":11,"column":2},"end":{"line":28,"column":3}},"7":{"start":{"line":11,"column":15},"end":{"line":11,"column":16}},"8":{"start":{"line":12,"column":17},"end":{"line":12,"column":27}},"9":{"start":{"line":13,"column":4},"end":{"line":18,"column":5}},"10":{"start":{"line":14,"column":6},"end":{"line":17,"column":7}},"11":{"start":{"line":15,"column":8},"end":{"line":15,"column":24}},"12":{"start":{"line":16,"column":8},"end":{"line":16,"column":17}},"13":{"start":{"line":19,"column":4},"end":{"line":27,"column":5}},"14":{"start":{"line":20,"column":6},"end":{"line":23,"column":7}},"15":{"start":{"line":21,"column":8},"end":{"line":21,"column":29}},"16":{"start":{"line":22,"column":8},"end":{"line":22,"column":21}},"17":{"start":{"line":24,"column":6},"end":{"line":24,"column":24}},"18":{"start":{"line":26,"column":6},"end":{"line":26,"column":22}},"19":{"start":{"line":29,"column":2},"end":{"line":31,"column":3}},"20":{"start":{"line":30,"column":4},"end":{"line":30,"column":25}},"21":{"start":{"line":33,"column":15},"end":{"line":33,"column":16}},"22":{"start":{"line":34,"column":18},"end":{"line":34,"column":21}},"23":{"start":{"line":36,"column":2},"end":{"line":50,"column":3}},"24":{"start":{"line":37,"column":4},"end":{"line":49,"column":5}},"25":{"start":{"line":38,"column":6},"end":{"line":38,"column":24}},"26":{"start":{"line":40,"column":20},"end":{"line":40,"column":37}},"27":{"start":{"line":41,"column":6},"end":{"line":43,"column":7}},"28":{"start":{"line":42,"column":8},"end":{"line":42,"column":56}},"29":{"start":{"line":44,"column":6},"end":{"line":48,"column":7}},"30":{"start":{"line":45,"column":8},"end":{"line":45,"column":24}},"31":{"start":{"line":47,"column":8},"end":{"line":47,"column":24}},"32":{"start":{"line":52,"column":2},"end":{"line":52,"column":16}}},"fnMap":{"0":{"name":"evaluateExpression","decl":{"start":{"line":1,"column":16},"end":{"line":1,"column":34}},"loc":{"start":{"line":1,"column":53},"end":{"line":53,"column":1}}}},"branchMap":{"0":{"loc":{"start":{"line":4,"column":2},"end":{"line":6,"column":3}},"type":"if","locations":[{"start":{"line":4,"column":2},"end":{"line":6,"column":3}},{"start":{},"end":{}}]},"1":{"loc":{"start":{"line":13,"column":4},"end":{"line":18,"column":5}},"type":"if","locations":[{"start":{"line":13,"column":4},"end":{"line":18,"column":5}},{"start":{},"end":{}}]},"2":{"loc":{"start":{"line":13,"column":8},"end":{"line":13,"column":56}},"type":"binary-expr","locations":[{"start":{"line":13,"column":9},"end":{"line":13,"column":21}},{"start":{"line":13,"column":25},"end":{"line":13,"column":37}},{"start":{"line":13,"column":42},"end":{"line":13,"column":56}}]},"3":{"loc":{"start":{"line":14,"column":6},"end":{"line":17,"column":7}},"type":"if","locations":[{"start":{"line":14,"column":6},"end":{"line":17,"column":7}},{"start":{},"end":{}}]},"4":{"loc":{"start":{"line":14,"column":10},"end":{"line":14,"column":121}},"type":"binary-expr","locations":[{"start":{"line":14,"column":10},"end":{"line":14,"column":22}},{"start":{"line":14,"column":27},"end":{"line":14,"column":46}},{"start":{"line":14,"column":50},"end":{"line":14,"column":83}},{"start":{"line":14,"column":87},"end":{"line":14,"column":120}}]},"5":{"loc":{"start":{"line":19,"column":4},"end":{"line":27,"column":5}},"type":"if","locations":[{"start":{"line":19,"column":4},"end":{"line":27,"column":5}},{"start":{"line":25,"column":11},"end":{"line":27,"column":5}}]},"6":{"loc":{"start":{"line":19,"column":8},"end":{"line":19,"column":36}},"type":"binary-expr","locations":[{"start":{"line":19,"column":8},"end":{"line":19,"column":20}},{"start":{"line":19,"column":24},"end":{"line":19,"column":36}}]},"7":{"loc":{"start":{"line":20,"column":6},"end":{"line":23,"column":7}},"type":"if","locations":[{"start":{"line":20,"column":6},"end":{"line":23,"column":7}},{"start":{},"end":{}}]},"8":{"loc":{"start":{"line":29,"column":2},"end":{"line":31,"column":3}},"type":"if","locations":[{"start":{"line":29,"column":2},"end":{"line":31,"column":3}},{"start":{},"end":{}}]},"9":{"loc":{"start":{"line":37,"column":4},"end":{"line":49,"column":5}},"type":"if","locations":[{"start":{"line":37,"column":4},"end":{"line":49,"column":5}},{"start":{"line":39,"column":11},"end":{"line":49,"column":5}}]},"10":{"loc":{"start":{"line":37,"column":8},"end":{"line":37,"column":38}},"type":"binary-expr","locations":[{"start":{"line":37,"column":8},"end":{"line":37,"column":21}},{"start":{"line":37,"column":25},"end":{"line":37,"column":38}}]},"11":{"loc":{"start":{"line":41,"column":6},"end":{"line":43,"column":7}},"type":"if","locations":[{"start":{"line":41,"column":6},"end":{"line":43,"column":7}},{"start":{},"end":{}}]},"12":{"loc":{"start":{"line":44,"column":6},"end":{"line":48,"column":7}},"type":"if","locations":[{"start":{"line":44,"column":6},"end":{"line":48,"column":7}},{"start":{"line":46,"column":13},"end":{"line":48,"column":7}}]}},"s":{"0":2,"1":13,"2":13,"3":5,"4":8,"5":8,"6":8,"7":8,"8":31,"9":31,"10":3,"11":1,"12":1,"13":30,"14":10,"15":8,"16":8,"17":10,"18":20,"19":8,"20":7,"21":8,"22":8,"23":8,"24":25,"25":10,"26":15,"27":15,"28":0,"29":15,"30":13,"31":2,"32":8},"f":{"0":13},"b":{"0":[5,8],"1":[3,28],"2":[31,23,11],"3":[1,2],"4":[3,1,0,0],"5":[10,20],"6":[30,22],"7":[8,2],"8":[7,1],"9":[10,15],"10":[25,17],"11":[0,15],"12":[13,2]}}
}
