TN:
SF:src/app.ts
FN:9,(anonymous_1)
FN:16,(anonymous_2)
FNF:2
FNH:1
FNDA:1,(anonymous_1)
FNDA:0,(anonymous_2)
DA:1,1
DA:2,1
DA:3,1
DA:5,1
DA:7,1
DA:9,1
DA:10,1
DA:13,1
DA:14,1
DA:16,1
DA:17,0
DA:18,0
DA:21,1
LF:13
LH:11
BRF:0
BRH:0
end_of_record
TN:
SF:src/controllers/calculateController.ts
FN:6,calculateHandler
FNF:1
FNH:1
FNDA:4,calculateHandler
DA:3,1
DA:4,1
DA:6,1
DA:7,4
DA:8,4
DA:10,4
DA:11,2
DA:12,2
DA:15,2
DA:17,1
DA:22,1
DA:23,1
DA:25,1
DA:27,1
DA:28,1
LF:15
LH:15
BRDA:10,0,0,2
BRDA:10,0,1,2
BRDA:10,1,0,4
BRDA:10,1,1,3
BRDA:27,2,0,1
BRDA:27,2,1,0
BRF:6
BRH:5
end_of_record
TN:
SF:src/controllers/historyController.ts
FN:5,historyHandler
FN:11,(anonymous_2)
FNF:2
FNH:2
FNDA:3,historyHandler
FNDA:2,(anonymous_2)
DA:3,1
DA:5,1
DA:6,3
DA:7,3
DA:11,2
DA:16,2
DA:18,1
DA:19,1
LF:8
LH:8
BRDA:18,0,0,1
BRDA:18,0,1,0
BRF:2
BRH:1
end_of_record
TN:
SF:src/routes/calculate.ts
FNF:0
FNH:0
DA:1,1
DA:2,1
DA:4,1
DA:6,1
DA:8,1
LF:5
LH:5
BRF:0
BRH:0
end_of_record
TN:
SF:src/routes/history.ts
FNF:0
FNH:0
DA:1,1
DA:2,1
DA:4,1
DA:6,1
DA:8,1
LF:5
LH:5
BRF:0
BRH:0
end_of_record
TN:
SF:src/utils/evaluate.ts
FN:1,evaluateExpression
FNF:1
FNH:1
FNDA:13,evaluateExpression
DA:1,2
DA:2,13
DA:4,13
DA:5,5
DA:8,8
DA:9,8
DA:11,8
DA:12,31
DA:13,31
DA:14,3
DA:15,1
DA:16,1
DA:19,30
DA:20,10
DA:21,8
DA:22,8
DA:24,10
DA:26,20
DA:29,8
DA:30,7
DA:33,8
DA:34,8
DA:36,8
DA:37,25
DA:38,10
DA:40,15
DA:41,15
DA:42,0
DA:44,15
DA:45,13
DA:47,2
DA:52,8
LF:32
LH:31
BRDA:4,0,0,5
BRDA:4,0,1,8
BRDA:13,1,0,3
BRDA:13,1,1,28
BRDA:13,2,0,31
BRDA:13,2,1,23
BRDA:13,2,2,11
BRDA:14,3,0,1
BRDA:14,3,1,2
BRDA:14,4,0,3
BRDA:14,4,1,1
BRDA:14,4,2,0
BRDA:14,4,3,0
BRDA:19,5,0,10
BRDA:19,5,1,20
BRDA:19,6,0,30
BRDA:19,6,1,22
BRDA:20,7,0,8
BRDA:20,7,1,2
BRDA:29,8,0,7
BRDA:29,8,1,1
BRDA:37,9,0,10
BRDA:37,9,1,15
BRDA:37,10,0,25
BRDA:37,10,1,17
BRDA:41,11,0,0
BRDA:41,11,1,15
BRDA:44,12,0,13
BRDA:44,12,1,2
BRF:29
BRH:26
end_of_record
